<?xml version="1.0" encoding="UTF-8"?>
<coverage generated="1734080169528" clover="3.2.0">
  <project timestamp="1734080169528" name="All files">
    <metrics statements="19" coveredstatements="11" conditionals="4" coveredconditionals="2" methods="5" coveredmethods="3" elements="28" coveredelements="16" complexity="0" loc="19" ncloc="19" packages="1" files="2" classes="2"/>
    <file name="cat-service.js" path="C:\Users\weyers\Documents\workspace\test2\bookshop\srv\cat-service.js">
      <metrics statements="15" coveredstatements="8" conditionals="2" coveredconditionals="0" methods="3" coveredmethods="2"/>
      <line num="1" count="1" type="stmt"/>
      <line num="2" count="1" type="stmt"/>
      <line num="3" count="1" type="stmt"/>
      <line num="8" count="1" type="stmt"/>
      <line num="9" count="0" type="stmt"/>
      <line num="10" count="0" type="stmt"/>
      <line num="11" count="0" type="cond" truecount="0" falsecount="2"/>
      <line num="12" count="0" type="stmt"/>
      <line num="13" count="0" type="stmt"/>
      <line num="14" count="0" type="stmt"/>
      <line num="16" count="0" type="stmt"/>
      <line num="20" count="1" type="stmt"/>
      <line num="21" count="5" type="stmt"/>
      <line num="24" count="1" type="stmt"/>
      <line num="27" count="1" type="stmt"/>
    </file>
    <file name="helper.js" path="C:\Users\weyers\Documents\workspace\test2\bookshop\srv\helper.js">
      <metrics statements="4" coveredstatements="3" conditionals="2" coveredconditionals="2" methods="2" coveredmethods="1"/>
      <line num="2" count="0" type="stmt"/>
      <line num="6" count="5" type="cond" truecount="2" falsecount="0"/>
      <line num="7" count="2" type="stmt"/>
      <line num="11" count="1" type="stmt"/>
    </file>
  </project>
</coverage>
