{"C:\\Users\\weyers\\Documents\\workspace\\test2\\bookshop\\srv\\cat-service.js": {"path":"C:\\Users\\weyers\\Documents\\workspace\\test2\\bookshop\\srv\\cat-service.js","statementMap":{"0":{"start":{"line":1,"column":12},"end":{"line":1,"column":31}},"1":{"start":{"line":2,"column":18},"end":{"line":2,"column":54}},"2":{"start":{"line":3,"column":15},"end":{"line":3,"column":34}},"3":{"start":{"line":8,"column":2},"end":{"line":17,"column":4}},"4":{"start":{"line":9,"column":26},"end":{"line":9,"column":34}},"5":{"start":{"line":9,"column":41},"end":{"line":9,"column":52}},"6":{"start":{"line":10,"column":18},"end":{"line":10,"column":57}},"7":{"start":{"line":11,"column":4},"end":{"line":16,"column":75}},"8":{"start":{"line":12,"column":6},"end":{"line":12,"column":68}},"9":{"start":{"line":13,"column":6},"end":{"line":13,"column":68}},"10":{"start":{"line":14,"column":6},"end":{"line":14,"column":22}},"11":{"start":{"line":16,"column":9},"end":{"line":16,"column":75}},"12":{"start":{"line":20,"column":2},"end":{"line":22,"column":4}},"13":{"start":{"line":21,"column":4},"end":{"line":21,"column":35}},"14":{"start":{"line":24,"column":2},"end":{"line":24,"column":21}},"15":{"start":{"line":27,"column":0},"end":{"line":27,"column":35}}},"fnMap":{"0":{"name":"(anonymous_0)","decl":{"start":{"line":5,"column":54},"end":{"line":5,"column":55}},"loc":{"start":{"line":5,"column":66},"end":{"line":25,"column":1}},"line":5},"1":{"name":"(anonymous_1)","decl":{"start":{"line":8,"column":26},"end":{"line":8,"column":27}},"loc":{"start":{"line":8,"column":39},"end":{"line":17,"column":3}},"line":8},"2":{"name":"(anonymous_2)","decl":{"start":{"line":20,"column":30},"end":{"line":20,"column":31}},"loc":{"start":{"line":20,"column":38},"end":{"line":22,"column":3}},"line":20}},"branchMap":{"0":{"loc":{"start":{"line":11,"column":4},"end":{"line":16,"column":75}},"type":"if","locations":[{"start":{"line":11,"column":4},"end":{"line":16,"column":75}},{"start":{"line":16,"column":9},"end":{"line":16,"column":75}}],"line":11}},"s":{"0":1,"1":1,"2":1,"3":1,"4":0,"5":0,"6":0,"7":0,"8":0,"9":0,"10":0,"11":0,"12":1,"13":5,"14":1,"15":1},"f":{"0":1,"1":0,"2":5},"b":{"0":[0,0]},"_coverageSchema":"1a1c01bbd47fc00a2c39e90264f33305004495a9","hash":"3a0cf74e1a2664d226f5b34d8fd8fd4b02f803fd"}
,"C:\\Users\\weyers\\Documents\\workspace\\test2\\bookshop\\srv\\helper.js": {"path":"C:\\Users\\weyers\\Documents\\workspace\\test2\\bookshop\\srv\\helper.js","statementMap":{"0":{"start":{"line":2,"column":4},"end":{"line":2,"column":19}},"1":{"start":{"line":6,"column":4},"end":{"line":8,"column":7}},"2":{"start":{"line":7,"column":8},"end":{"line":7,"column":41}},"3":{"start":{"line":11,"column":0},"end":{"line":14,"column":2}}},"fnMap":{"0":{"name":"sayHello","decl":{"start":{"line":1,"column":9},"end":{"line":1,"column":17}},"loc":{"start":{"line":1,"column":20},"end":{"line":3,"column":1}},"line":1},"1":{"name":"calculateDiscount","decl":{"start":{"line":5,"column":9},"end":{"line":5,"column":26}},"loc":{"start":{"line":5,"column":33},"end":{"line":9,"column":1}},"line":5}},"branchMap":{"0":{"loc":{"start":{"line":6,"column":4},"end":{"line":8,"column":7}},"type":"if","locations":[{"start":{"line":6,"column":4},"end":{"line":8,"column":7}},{"start":{},"end":{}}],"line":6}},"s":{"0":0,"1":5,"2":2,"3":1},"f":{"0":0,"1":5},"b":{"0":[2,3]},"_coverageSchema":"1a1c01bbd47fc00a2c39e90264f33305004495a9","hash":"e839b2b669cf207059bbbea4a385e6afb6e039c7"}
}
