TN:
SF:srv\cat-service.js
FN:5,(anonymous_0)
FN:8,(anonymous_1)
FN:20,(anonymous_2)
FNF:3
FNH:2
FNDA:1,(anonymous_0)
FNDA:0,(anonymous_1)
FNDA:5,(anonymous_2)
DA:1,1
DA:2,1
DA:3,1
DA:8,1
DA:9,0
DA:10,0
DA:11,0
DA:12,0
DA:13,0
DA:14,0
DA:16,0
DA:20,1
DA:21,5
DA:24,1
DA:27,1
LF:15
LH:8
BRDA:11,0,0,0
BRDA:11,0,1,0
BRF:2
BRH:0
end_of_record
TN:
SF:srv\helper.js
FN:1,sayHello
FN:5,calculateDiscount
FNF:2
FNH:1
FNDA:0,sayHello
FNDA:5,calculateDiscount
DA:2,0
DA:6,5
DA:7,2
DA:11,1
LF:4
LH:3
BRDA:6,0,0,2
BRDA:6,0,1,3
BRF:2
BRH:2
end_of_record
